0 info it worked if it ends with ok
1 verbose cli [ '/usr/local/bin/node', '/usr/local/bin/npm', 'run', 'build' ]
2 info using npm@3.10.7
3 info using node@v4.5.0
4 verbose run-script [ 'prebuild', 'build', 'postbuild' ]
5 info lifecycle dare_to_kill@0.1.0~prebuild: dare_to_kill@0.1.0
6 silly lifecycle dare_to_kill@0.1.0~prebuild: no script for prebuild, continuing
7 info lifecycle dare_to_kill@0.1.0~build: dare_to_kill@0.1.0
8 verbose lifecycle dare_to_kill@0.1.0~build: unsafe-perm in lifecycle true
9 verbose lifecycle dare_to_kill@0.1.0~build: PATH: /usr/local/lib/node_modules/npm/bin/node-gyp-bin:/home/danilo/Dropbox/Computer_Science/Web/ReactJS/dare-to-kill/node_modules/.bin:/home/danilo/Android/Sdk/:/home/danilo/Android/Sdk/platform-tools:/usr/local/sbin:/usr/local/bin:/usr/sbin:/usr/bin:/sbin:/bin:/usr/games:/usr/local/games:/snap/bin:/home/danilo/.rvm/bin:/home/danilo/.rvm/bin
10 verbose lifecycle dare_to_kill@0.1.0~build: CWD: /home/danilo/Dropbox/Computer_Science/Web/ReactJS/dare-to-kill
11 silly lifecycle dare_to_kill@0.1.0~build: Args: [ '-c', 'react-scripts build' ]
12 info lifecycle dare_to_kill@0.1.0~build: Failed to exec build script
13 verbose stack Error: dare_to_kill@0.1.0 build: `react-scripts build`
13 verbose stack spawn ENOENT
13 verbose stack     at ChildProcess.<anonymous> (/usr/local/lib/node_modules/npm/lib/utils/spawn.js:33:16)
13 verbose stack     at emitTwo (events.js:87:13)
13 verbose stack     at ChildProcess.emit (events.js:172:7)
13 verbose stack     at maybeClose (internal/child_process.js:829:16)
13 verbose stack     at Process.ChildProcess._handle.onexit (internal/child_process.js:211:5)
14 verbose pkgid dare_to_kill@0.1.0
15 verbose cwd /home/danilo/Dropbox/Computer_Science/Web/ReactJS/dare-to-kill/src
16 error Linux 4.4.0-67-generic
17 error argv "/usr/local/bin/node" "/usr/local/bin/npm" "run" "build"
18 error node v4.5.0
19 error npm  v3.10.7
20 error file sh
21 error code ELIFECYCLE
22 error errno ENOENT
23 error syscall spawn
24 error dare_to_kill@0.1.0 build: `react-scripts build`
24 error spawn ENOENT
25 error Failed at the dare_to_kill@0.1.0 build script 'react-scripts build'.
25 error Make sure you have the latest version of node.js and npm installed.
25 error If you do, this is most likely a problem with the dare_to_kill package,
25 error not with npm itself.
25 error Tell the author that this fails on your system:
25 error     react-scripts build
25 error You can get information on how to open an issue for this project with:
25 error     npm bugs dare_to_kill
25 error Or if that isn't available, you can get their info via:
25 error     npm owner ls dare_to_kill
25 error There is likely additional logging output above.
26 verbose exit [ 1, true ]
